2023-08-16T20:40:18.801Z debug: Debug message
2023-08-16T20:40:18.807Z http: HTTP request
2023-08-16T20:40:18.808Z info: Info message
2023-08-16T20:40:18.811Z warning: Warning message
2023-08-16T20:40:18.812Z error: Error message
2023-08-16T20:41:02.158Z warning: invalid warning
2023-08-16T20:41:02.158Z info: invalid info
2023-08-22T22:41:34.809Z info: Se ha accedido a la página de inicio
2023-08-22T23:50:08.835Z info: Se ha accedido a la página de inicio
2023-08-23T02:41:45.910Z info: Se ha accedido a la página de inicio
2023-08-23T04:14:17.236Z info: Se ha accedido a la página de inicio
2023-08-24T01:08:20.183Z info: Se ha accedido a la página de inicio
2023-08-25T03:46:07.912Z info: User Registration succesful
2023-08-25T03:57:49.494Z info: User Registration succesful
2023-08-25T20:14:41.954Z info: User Registration succesful
2023-08-25T20:17:06.547Z info: User Registration succesful
2023-08-25T23:24:43.988Z info: invalid password palazzid88@gmail.com
2023-08-25T23:50:08.718Z info: invalid password palazzid88@gmail.com
2023-08-26T00:04:28.511Z info: User Registration succesful
2023-09-08T22:35:19.053Z error: error en la creación de un User
2023-09-08T22:42:08.242Z info: User Registration succesful
2023-09-10T00:05:34.485Z info: invalid password lmessi@mail.com
2023-09-10T00:06:19.474Z info: invalid password lmessi@mail.com
2023-09-10T00:09:51.986Z info: invalid password lmessi@mail.com
2023-09-10T00:11:44.584Z info: User Not Found with username (email): pala@mail.com
2023-09-19T01:05:52.151Z info: User Registration succesful
2023-09-19T01:05:57.214Z info: User Not Found with username (email): Isabel.Gottlieb@gmail.com
2023-09-19T01:05:58.861Z info: User Not Found with username (email): Isabel.Gottlieb@gmail.com
2023-09-19T01:08:49.220Z info: User Registration succesful
2023-09-19T01:08:55.595Z info: User Not Found with username (email): Isabel.Gottlieb@gmail.com
2023-09-19T01:08:59.081Z info: User Not Found with username (email): Isabel.Gottlieb@gmail.com
2023-09-19T01:45:42.512Z info: User Registration succesful
2023-09-19T01:45:49.035Z info: User Not Found with username (email): Isabel.Gottlieb@gmail.com
2023-09-19T01:45:51.928Z info: User Not Found with username (email): Isabel.Gottlieb@gmail.com
2023-09-19T01:56:52.442Z info: User Registration succesful
2023-09-19T01:56:58.692Z info: User Not Found with username (email): Isabel.Gottlieb@gmail.com
2023-09-19T01:57:01.756Z info: User Not Found with username (email): Isabel.Gottlieb@gmail.com
2023-09-19T16:18:00.726Z info: User Registration succesful
2023-09-19T16:18:04.410Z info: User Not Found with username (email): Isabel.Gottlieb@gmail.com
2023-09-19T16:18:05.639Z info: User Not Found with username (email): Isabel.Gottlieb@gmail.com
2023-09-19T16:26:49.557Z info: User Registration succesful
2023-09-19T16:35:11.772Z info: User Registration succesful
2023-09-19T16:44:06.457Z info: User Registration succesful
2023-09-19T16:49:16.260Z info: User Registration succesful
2023-09-19T16:50:49.975Z info: User Registration succesful
2023-09-22T01:37:47.885Z info: User Registration succesful
2023-09-22T02:15:07.552Z info: User Registration succesful
2023-09-22T02:18:55.812Z info: User Registration succesful
2023-09-22T02:22:35.763Z info: User Registration succesful
2023-09-22T02:23:46.111Z info: User Registration succesful
2023-09-22T02:26:22.444Z info: User Not Found with username (email): Yoshiko.Parisian18@gmail.com
2023-09-22T02:26:23.909Z info: User Not Found with username (email): Isabel.Gottlieb@gmail.com
2023-09-22T02:26:23.913Z info: User Registration succesful
2023-09-22T02:26:25.241Z info: User Not Found with username (email): Isabel.Gottlieb@gmail.com
2023-09-22T02:27:51.566Z info: User Registration succesful
2023-09-22T02:27:55.865Z info: User Not Found with username (email): Isabel.Gottlieb@gmail.com
2023-09-22T02:27:57.376Z info: User Not Found with username (email): Isabel.Gottlieb@gmail.com
